5/31/2017 8:41:16 PM 54 Logging started
5/31/2017 8:41:16 PM 54 Begin Startup
5/31/2017 8:41:16 PM 54 Chaosauncher 0.5.4.4 on NT 5.1.2600 Service Pack 3 at C:\StarCraft\BWAPI\Chaoslauncher\Chaoslauncher.exe
5/31/2017 8:41:16 PM 54 Load Settings
5/31/2017 8:41:16 PM 54 GamePath: C:\StarCraft\\
5/31/2017 8:41:16 PM 54 Load Plugins
5/31/2017 8:41:16 PM 54 AdvLoaderPluginPath: \Plugins\
5/31/2017 8:41:16 PM 54 Loading BWL4-Plugin C:\StarCraft\BWAPI\Chaoslauncher\iccscbn.icc
5/31/2017 8:41:16 PM 54 Plugin loaded ICCup
5/31/2017 8:41:16 PM 54 Loading BWL4-Plugin C:\StarCraft\BWAPI\Chaoslauncher\Plugins\APMAlert.bwl
5/31/2017 8:41:16 PM 54 Plugin loaded APMAlert (1.16.1)
5/31/2017 8:41:16 PM 54 Loading BWL4-Plugin C:\StarCraft\BWAPI\Chaoslauncher\Plugins\BWAPI_PluginInjector.bwl
5/31/2017 8:41:16 PM 54 Plugin loaded BWAPI 4.1.2 Injector [RELEASE]
5/31/2017 8:41:16 PM 54 Loading BWL4-Plugin C:\StarCraft\BWAPI\Chaoslauncher\Plugins\BWAPI_PluginInjectord.bwl
5/31/2017 8:41:16 PM 54 Plugin loaded BWAPI 4.1.2 Injector [DEBUG]
5/31/2017 8:41:16 PM 54 Loading BWL4-Plugin C:\StarCraft\BWAPI\Chaoslauncher\Plugins\Chaosplugin.bwl
5/31/2017 8:41:16 PM 54 Plugin loaded Chaosplugin for 1.16.1
5/31/2017 8:41:16 PM 54 Loading BWL4-Plugin C:\StarCraft\BWAPI\Chaoslauncher\Plugins\LatencyChanger.bwl
5/31/2017 8:41:16 PM 54 Plugin loaded LatencyChanger for 1.16.1
5/31/2017 8:41:16 PM 54 Loading BWL4-Plugin C:\StarCraft\BWAPI\Chaoslauncher\Plugins\repfix.bwl
5/31/2017 8:41:16 PM 54 Plugin loaded RepFix
5/31/2017 8:41:16 PM 54 Loading BWL4-Plugin C:\StarCraft\BWAPI\Chaoslauncher\Plugins\RWAPlayer.bwl
5/31/2017 8:41:17 PM 54 Plugin loaded RWAPlayer (1.16.1)
5/31/2017 8:41:17 PM 54 Loading BWL4-Plugin C:\StarCraft\BWAPI\Chaoslauncher\Plugins\RWARecorder.bwl
5/31/2017 8:41:17 PM 54 Plugin loaded RWARecorder (1.16.1)
5/31/2017 8:41:17 PM 54 Loading BWL4-Plugin C:\StarCraft\BWAPI\Chaoslauncher\Plugins\Stormplugin.bwl
5/31/2017 8:41:17 PM 54 Plugin loaded Stormplugin for 1.16.1
5/31/2017 8:41:17 PM 54 Loading BWL4-Plugin C:\StarCraft\BWAPI\Chaoslauncher\Plugins\wmode.bwl
5/31/2017 8:41:17 PM 54 Plugin loaded W-MODE 1.02
5/31/2017 8:41:17 PM 54 Load Tools
5/31/2017 8:41:17 PM 54 Init GUI
5/31/2017 8:41:17 PM 54 Get Starcraftversions
5/31/2017 8:41:17 PM 54 Init complete
5/31/2017 8:41:25 PM 54 Startbutton
5/31/2017 8:41:25 PM 54 Starting Game Starcraft 1.16.1 C:\StarCraft\\StarCraft.exe
5/31/2017 8:41:25 PM 54 BWAPI 4.1.2 Injector [RELEASE] Version  Compatible
5/31/2017 8:41:25 PM 54 Obtained DebugPrivilege
5/31/2017 8:41:25 PM 54 CreateProcess
5/31/2017 8:41:25 PM 54 Call ScSuspended for all active Plugins
5/31/2017 8:41:25 PM 54 ApplyPatchSuspended for BWAPI 4.1.2 Injector [RELEASE]
5/31/2017 8:41:25 PM 54 ResumeThread
5/31/2017 8:41:25 PM 54 WaitForInputIdle
5/31/2017 8:42:25 PM 54 Exception at: Global ExceptionHandler class: Exception msg: Sc startup timeout
Can't find window class.
(1407)
5/31/2017 8:57:55 PM 54 Finishing
5/31/2017 8:57:55 PM 54 Unloading Plugin ICCup
5/31/2017 8:57:55 PM 54 Unloading Plugin APMAlert (1.16.1)
5/31/2017 8:57:55 PM 54 Unloading Plugin BWAPI 4.1.2 Injector [RELEASE]
5/31/2017 8:57:55 PM 54 Unloading Plugin BWAPI 4.1.2 Injector [DEBUG]
5/31/2017 8:57:55 PM 54 Unloading Plugin Chaosplugin for 1.16.1
5/31/2017 8:57:55 PM 54 Unloading Plugin LatencyChanger for 1.16.1
5/31/2017 8:57:55 PM 54 Unloading Plugin RepFix
5/31/2017 8:57:55 PM 54 Unloading Plugin RWAPlayer (1.16.1)
5/31/2017 8:57:55 PM 54 Unloading Plugin RWARecorder (1.16.1)
5/31/2017 8:57:55 PM 54 Unloading Plugin Stormplugin for 1.16.1
5/31/2017 8:57:55 PM 54 Unloading Plugin W-MODE 1.02
5/31/2017 8:57:55 PM 54 Logging ended
